c:\users\devin\onedrive\desktop\m14 laptop content\cst 211 (data structures)\l4 devin lutz\l4 devin lutz\x64\debug\vc143.pdb
c:\users\devin\onedrive\desktop\m14 laptop content\cst 211 (data structures)\l4 devin lutz\l4 devin lutz\x64\debug\vc143.idb
c:\users\devin\onedrive\desktop\m14 laptop content\cst 211 (data structures)\l4 devin lutz\l4 devin lutz\x64\debug\exception.obj
c:\users\devin\onedrive\desktop\m14 laptop content\cst 211 (data structures)\l4 devin lutz\l4 devin lutz\x64\debug\main.obj
c:\users\devin\onedrive\desktop\m14 laptop content\cst 211 (data structures)\l4 devin lutz\x64\debug\l4 devin lutz.exe
c:\users\devin\onedrive\desktop\m14 laptop content\cst 211 (data structures)\l4 devin lutz\l4 devin lutz\x64\debug\l4 devin lutz.ilk
c:\users\devin\onedrive\desktop\m14 laptop content\cst 211 (data structures)\l4 devin lutz\x64\debug\l4 devin lutz.pdb
c:\users\devin\onedrive\desktop\publicprojects\publicprojects\l4 devin lutz\l4 devin lutz\x64\debug\exception.obj
c:\users\devin\onedrive\desktop\publicprojects\publicprojects\l4 devin lutz\l4 devin lutz\x64\debug\main.obj
c:\users\devin\onedrive\desktop\publicprojects\publicprojects\l4 devin lutz\l4 devin lutz\x64\debug\l4 devin lutz.ilk
c:\users\devin\onedrive\desktop\publicprojects\publicprojects\l4 devin lutz\l4 devin lutz\x64\debug\vc141.idb
c:\users\devin\onedrive\desktop\publicprojects\publicprojects\l4 devin lutz\l4 devin lutz\x64\debug\vc143.idb
c:\users\devin\onedrive\desktop\publicprojects\publicprojects\l4 devin lutz\l4 devin lutz\x64\debug\vc141.pdb
c:\users\devin\onedrive\desktop\publicprojects\publicprojects\l4 devin lutz\l4 devin lutz\x64\debug\vc143.pdb
c:\users\devin\onedrive\desktop\publicprojects\publicprojects\l4 devin lutz\x64\debug\l4 devin lutz.pdb
c:\users\devin\onedrive\desktop\publicprojects\publicprojects\l4 devin lutz\x64\debug\l4 devin lutz.exe
c:\users\devin\onedrive\desktop\publicprojects\publicprojects\l4 devin lutz\x64\debug\l4 devin lutz.ilk
c:\users\devin\onedrive\desktop\publicprojects\publicprojects\l4 devin lutz\l4 devin lutz\x64\debug\l4 devin lutz.tlog\cl.command.1.tlog
c:\users\devin\onedrive\desktop\publicprojects\publicprojects\l4 devin lutz\l4 devin lutz\x64\debug\l4 devin lutz.tlog\cl.read.1.tlog
c:\users\devin\onedrive\desktop\publicprojects\publicprojects\l4 devin lutz\l4 devin lutz\x64\debug\l4 devin lutz.tlog\cl.write.1.tlog
c:\users\devin\onedrive\desktop\publicprojects\publicprojects\l4 devin lutz\l4 devin lutz\x64\debug\l4 devin lutz.tlog\link.command.1.tlog
c:\users\devin\onedrive\desktop\publicprojects\publicprojects\l4 devin lutz\l4 devin lutz\x64\debug\l4 devin lutz.tlog\link.read.1.tlog
c:\users\devin\onedrive\desktop\publicprojects\publicprojects\l4 devin lutz\l4 devin lutz\x64\debug\l4 devin lutz.tlog\link.write.1.tlog
