c:\users\devin\onedrive\desktop\m14 laptop content\cst 211 (data structures)\l1devinlutz\l1devinlutz\x64\debug\vc143.pdb
c:\users\devin\onedrive\desktop\m14 laptop content\cst 211 (data structures)\l1devinlutz\l1devinlutz\x64\debug\vc143.idb
c:\users\devin\onedrive\desktop\m14 laptop content\cst 211 (data structures)\l1devinlutz\l1devinlutz\x64\debug\tile.obj
c:\users\devin\onedrive\desktop\m14 laptop content\cst 211 (data structures)\l1devinlutz\l1devinlutz\x64\debug\symbol.obj
c:\users\devin\onedrive\desktop\m14 laptop content\cst 211 (data structures)\l1devinlutz\l1devinlutz\x64\debug\main.obj
c:\users\devin\onedrive\desktop\m14 laptop content\cst 211 (data structures)\l1devinlutz\l1devinlutz\x64\debug\exception.obj
c:\users\devin\onedrive\desktop\m14 laptop content\cst 211 (data structures)\l1devinlutz\l1devinlutz\x64\debug\board.obj
c:\users\devin\onedrive\desktop\m14 laptop content\cst 211 (data structures)\l1devinlutz\l1devinlutz\x64\debug\alchemy.obj
c:\users\devin\onedrive\desktop\m14 laptop content\cst 211 (data structures)\l1devinlutz\l1devinlutz\x64\debug\l1devinlutz.ilk
c:\users\devin\onedrive\desktop\m14 laptop content\cst 211 (data structures)\l1devinlutz\x64\debug\l1devinlutz.exe
c:\users\devin\onedrive\desktop\m14 laptop content\cst 211 (data structures)\l1devinlutz\x64\debug\l1devinlutz.pdb
c:\users\devin\onedrive\desktop\m14 laptop content\cst 211 (data structures)\l1devinlutz\l1devinlutz\x64\debug\vc141.idb
c:\users\devin\onedrive\desktop\m14 laptop content\cst 211 (data structures)\l1devinlutz\l1devinlutz\x64\debug\vc142.idb
c:\users\devin\onedrive\desktop\m14 laptop content\cst 211 (data structures)\l1devinlutz\l1devinlutz\x64\debug\vc141.pdb
c:\users\devin\onedrive\desktop\m14 laptop content\cst 211 (data structures)\l1devinlutz\l1devinlutz\x64\debug\vc142.pdb
c:\users\devin\onedrive\desktop\m14 laptop content\cst 211 (data structures)\l1devinlutz\x64\debug\l1devinlutz.ilk
c:\users\devin\onedrive\desktop\m14 laptop content\cst 211 (data structures)\l1devinlutz\l1devinlutz\x64\debug\l1devinlutz.tlog\cl.command.1.tlog
c:\users\devin\onedrive\desktop\m14 laptop content\cst 211 (data structures)\l1devinlutz\l1devinlutz\x64\debug\l1devinlutz.tlog\cl.read.1.tlog
c:\users\devin\onedrive\desktop\m14 laptop content\cst 211 (data structures)\l1devinlutz\l1devinlutz\x64\debug\l1devinlutz.tlog\cl.write.1.tlog
c:\users\devin\onedrive\desktop\m14 laptop content\cst 211 (data structures)\l1devinlutz\l1devinlutz\x64\debug\l1devinlutz.tlog\link.command.1.tlog
c:\users\devin\onedrive\desktop\m14 laptop content\cst 211 (data structures)\l1devinlutz\l1devinlutz\x64\debug\l1devinlutz.tlog\link.read.1.tlog
c:\users\devin\onedrive\desktop\m14 laptop content\cst 211 (data structures)\l1devinlutz\l1devinlutz\x64\debug\l1devinlutz.tlog\link.write.1.tlog
